Arguments: 
  /usr/bin/node /usr/share/yarn/bin/yarn.js init

PATH: 
  /usr/local/sbin:/usr/local/bin:/usr/sbin:/usr/bin:/sbin:/bin:/usr/games:/usr/local/games:/mnt/c/Python27/:/mnt/c/Python27/Scripts:/mnt/c/Windows/system32:/mnt/c/Windows:/mnt/c/Windows/System32/Wbem:/mnt/c/Windows/System32/WindowsPowerShell/v1.0/:/mnt/c/Windows/System32/OpenSSH/:/mnt/c/Program Files (x86)/ATI Technologies/ATI.ACE/Core-Static:/mnt/c/Program Files/Git/cmd:/mnt/c/ProgramData/chocolatey/bin:/mnt/c/Program Files/nodejs/:/mnt/c/Program Files/Java/jdk1.8.0_221/bin:/%ANDROID_HOME%/platform-tools:/%ANDROID_HOME%/tools:/mnt/c/Program Files/Genymobile/Genymotion/tools:/mnt/c/Users/thiag/AppData/Local/Programs/Python/Python37-32/Scripts/:/mnt/c/Users/thiag/AppData/Local/Programs/Python/Python37-32/:/mnt/c/Users/thiag/AppData/Local/Microsoft/WindowsApps:/mnt/c/Users/thiag/AppData/Local/Programs/Microsoft VS Code/bin:/mnt/c/Users/thiag/AppData/Local/GitHubDesktop/bin:/mnt/c/Users/thiag/AppData/Roaming/npm:/snap/bin

Yarn version: 
  1.17.3

Node version: 
  10.16.3

Platform: 
  linux x64

Trace: 
  Error: canceled
      at Interface.<anonymous> (/usr/share/yarn/lib/cli.js:136724:13)
      at Interface.emit (events.js:198:13)
      at Interface._ttyWrite (readline.js:801:16)
      at ReadStream.onkeypress (readline.js:184:10)
      at ReadStream.emit (events.js:198:13)
      at emitKeys (internal/readline.js:424:14)
      at emitKeys.next (<anonymous>)
      at ReadStream.onData (readline.js:1075:36)
      at ReadStream.emit (events.js:198:13)
      at addChunk (_stream_readable.js:288:12)

npm manifest: 
  No manifest

yarn manifest: 
  No manifest

Lockfile: 
  No lockfile
